cabal: Entering directory '/tmp/cabal-tmp-4331/aeson-1.4.7.1'
Configuring aeson-1.4.7.1...
Preprocessing library for aeson-1.4.7.1..
Building library for aeson-1.4.7.1..
[ 1 of 24] Compiling Data.Aeson.Internal.Functions ( Data/Aeson/Internal/Functions.hs, dist/dist-sandbox-4bf9fd06/build/Data/Aeson/Internal/Functions.o )
[ 2 of 24] Compiling Data.Aeson.Parser.UnescapePure ( pure/Data/Aeson/Parser/UnescapePure.hs, dist/dist-sandbox-4bf9fd06/build/Data/Aeson/Parser/UnescapePure.o )
[ 3 of 24] Compiling Data.Aeson.Parser.Unescape ( Data/Aeson/Parser/Unescape.hs, dist/dist-sandbox-4bf9fd06/build/Data/Aeson/Parser/Unescape.o )
[ 4 of 24] Compiling Data.Aeson.Types.Generic ( Data/Aeson/Types/Generic.hs, dist/dist-sandbox-4bf9fd06/build/Data/Aeson/Types/Generic.o )
[ 5 of 24] Compiling Data.Aeson.Types.Internal ( Data/Aeson/Types/Internal.hs, dist/dist-sandbox-4bf9fd06/build/Data/Aeson/Types/Internal.o )
[ 6 of 24] Compiling Data.Aeson.Parser.Internal ( Data/Aeson/Parser/Internal.hs, dist/dist-sandbox-4bf9fd06/build/Data/Aeson/Parser/Internal.o )
[ 7 of 24] Compiling Data.Aeson.Parser ( Data/Aeson/Parser.hs, dist/dist-sandbox-4bf9fd06/build/Data/Aeson/Parser.o )
[ 8 of 24] Compiling Data.Attoparsec.Time.Internal ( attoparsec-iso8601/Data/Attoparsec/Time/Internal.hs, dist/dist-sandbox-4bf9fd06/build/Data/Attoparsec/Time/Internal.o )
[ 9 of 24] Compiling Data.Attoparsec.Time ( attoparsec-iso8601/Data/Attoparsec/Time.hs, dist/dist-sandbox-4bf9fd06/build/Data/Attoparsec/Time.o )
[10 of 24] Compiling Data.Aeson.Parser.Time ( Data/Aeson/Parser/Time.hs, dist/dist-sandbox-4bf9fd06/build/Data/Aeson/Parser/Time.o )
[11 of 24] Compiling Data.Aeson.Types.FromJSON ( Data/Aeson/Types/FromJSON.hs, dist/dist-sandbox-4bf9fd06/build/Data/Aeson/Types/FromJSON.o )

Data/Aeson/Types/FromJSON.hs:477:3: warning: [-Winline-rule-shadowing]
    Rule "FromJSONKeyCoerce: fmap id" may never fire
      because ‘id’ might inline first
    Probable fix: add an INLINE[n] or NOINLINE[n] pragma for ‘id’
    |
477 |   "FromJSONKeyCoerce: fmap id"     forall (x :: FromJSONKeyFunction a).
    |   ^^^^^^^^^^^^^^^^^^^^^^^^^^^^^^^^^^^^^^^^^^^^^^^^^^^^^^^^^^^^^^^^^^^^^...
[12 of 24] Compiling Data.Aeson.Internal ( Data/Aeson/Internal.hs, dist/dist-sandbox-4bf9fd06/build/Data/Aeson/Internal.o )
[13 of 24] Compiling Data.Aeson.Internal.Time ( Data/Aeson/Internal/Time.hs, dist/dist-sandbox-4bf9fd06/build/Data/Aeson/Internal/Time.o )
[14 of 24] Compiling Data.Aeson.Encoding.Builder ( Data/Aeson/Encoding/Builder.hs, dist/dist-sandbox-4bf9fd06/build/Data/Aeson/Encoding/Builder.o )
[15 of 24] Compiling Data.Aeson.Encoding.Internal ( Data/Aeson/Encoding/Internal.hs, dist/dist-sandbox-4bf9fd06/build/Data/Aeson/Encoding/Internal.o )
[16 of 24] Compiling Data.Aeson.Encoding ( Data/Aeson/Encoding.hs, dist/dist-sandbox-4bf9fd06/build/Data/Aeson/Encoding.o )
[17 of 24] Compiling Data.Aeson.Types.ToJSON ( Data/Aeson/Types/ToJSON.hs, dist/dist-sandbox-4bf9fd06/build/Data/Aeson/Types/ToJSON.o )
[18 of 24] Compiling Data.Aeson.Types.Class ( Data/Aeson/Types/Class.hs, dist/dist-sandbox-4bf9fd06/build/Data/Aeson/Types/Class.o )
[19 of 24] Compiling Data.Aeson.Types ( Data/Aeson/Types.hs, dist/dist-sandbox-4bf9fd06/build/Data/Aeson/Types.o )
[20 of 24] Compiling Data.Aeson.Text  ( Data/Aeson/Text.hs, dist/dist-sandbox-4bf9fd06/build/Data/Aeson/Text.o )
[21 of 24] Compiling Data.Aeson       ( Data/Aeson.hs, dist/dist-sandbox-4bf9fd06/build/Data/Aeson.o )
[22 of 24] Compiling Data.Aeson.TH    ( Data/Aeson/TH.hs, dist/dist-sandbox-4bf9fd06/build/Data/Aeson/TH.o )
[23 of 24] Compiling Data.Aeson.QQ.Simple ( Data/Aeson/QQ/Simple.hs, dist/dist-sandbox-4bf9fd06/build/Data/Aeson/QQ/Simple.o )
[24 of 24] Compiling Data.Aeson.Encode ( Data/Aeson/Encode.hs, dist/dist-sandbox-4bf9fd06/build/Data/Aeson/Encode.o )
Installing library in /home/mitch/git/portfolioRebalancer/backend/.cabal-sandbox/lib/x86_64-linux-ghc-8.6.5/aeson-1.4.7.1-Jd4Ak08pVHo4tgomPBDTQp
cabal: Leaving directory '/tmp/cabal-tmp-4331/aeson-1.4.7.1'
