cabal: Entering directory '/tmp/cabal-tmp-4331/base-compat-batteries-0.11.1'
Configuring base-compat-batteries-0.11.1...
Preprocessing library for base-compat-batteries-0.11.1..
Building library for base-compat-batteries-0.11.1..
[  1 of 116] Compiling Control.Concurrent.Compat ( src/Control/Concurrent/Compat.hs, dist/dist-sandbox-4bf9fd06/build/Control/Concurrent/Compat.o )
[  2 of 116] Compiling Control.Concurrent.Compat.Repl.Batteries ( src/Control/Concurrent/Compat/Repl/Batteries.hs, dist/dist-sandbox-4bf9fd06/build/Control/Concurrent/Compat/Repl/Batteries.o )
[  3 of 116] Compiling Control.Concurrent.MVar.Compat ( src/Control/Concurrent/MVar/Compat.hs, dist/dist-sandbox-4bf9fd06/build/Control/Concurrent/MVar/Compat.o )
[  4 of 116] Compiling Control.Concurrent.MVar.Compat.Repl.Batteries ( src/Control/Concurrent/MVar/Compat/Repl/Batteries.hs, dist/dist-sandbox-4bf9fd06/build/Control/Concurrent/MVar/Compat/Repl/Batteries.o )
[  5 of 116] Compiling Control.Exception.Compat ( src/Control/Exception/Compat.hs, dist/dist-sandbox-4bf9fd06/build/Control/Exception/Compat.o )
[  6 of 116] Compiling Control.Exception.Compat.Repl.Batteries ( src/Control/Exception/Compat/Repl/Batteries.hs, dist/dist-sandbox-4bf9fd06/build/Control/Exception/Compat/Repl/Batteries.o )
[  7 of 116] Compiling Control.Monad.Compat ( src/Control/Monad/Compat.hs, dist/dist-sandbox-4bf9fd06/build/Control/Monad/Compat.o )
[  8 of 116] Compiling Control.Monad.Compat.Repl.Batteries ( src/Control/Monad/Compat/Repl/Batteries.hs, dist/dist-sandbox-4bf9fd06/build/Control/Monad/Compat/Repl/Batteries.o )
[  9 of 116] Compiling Control.Monad.Fail.Compat ( src/Control/Monad/Fail/Compat.hs, dist/dist-sandbox-4bf9fd06/build/Control/Monad/Fail/Compat.o )
[ 10 of 116] Compiling Control.Monad.Fail.Compat.Repl.Batteries ( src/Control/Monad/Fail/Compat/Repl/Batteries.hs, dist/dist-sandbox-4bf9fd06/build/Control/Monad/Fail/Compat/Repl/Batteries.o )
[ 11 of 116] Compiling Control.Monad.IO.Class.Compat ( src/Control/Monad/IO/Class/Compat.hs, dist/dist-sandbox-4bf9fd06/build/Control/Monad/IO/Class/Compat.o )
[ 12 of 116] Compiling Control.Monad.IO.Class.Compat.Repl.Batteries ( src/Control/Monad/IO/Class/Compat/Repl/Batteries.hs, dist/dist-sandbox-4bf9fd06/build/Control/Monad/IO/Class/Compat/Repl/Batteries.o )
[ 13 of 116] Compiling Control.Monad.ST.Lazy.Unsafe.Compat ( src/Control/Monad/ST/Lazy/Unsafe/Compat.hs, dist/dist-sandbox-4bf9fd06/build/Control/Monad/ST/Lazy/Unsafe/Compat.o )
[ 14 of 116] Compiling Control.Monad.ST.Lazy.Unsafe.Compat.Repl.Batteries ( src/Control/Monad/ST/Lazy/Unsafe/Compat/Repl/Batteries.hs, dist/dist-sandbox-4bf9fd06/build/Control/Monad/ST/Lazy/Unsafe/Compat/Repl/Batteries.o )
[ 15 of 116] Compiling Control.Monad.ST.Unsafe.Compat ( src/Control/Monad/ST/Unsafe/Compat.hs, dist/dist-sandbox-4bf9fd06/build/Control/Monad/ST/Unsafe/Compat.o )
[ 16 of 116] Compiling Control.Monad.ST.Unsafe.Compat.Repl.Batteries ( src/Control/Monad/ST/Unsafe/Compat/Repl/Batteries.hs, dist/dist-sandbox-4bf9fd06/build/Control/Monad/ST/Unsafe/Compat/Repl/Batteries.o )
[ 17 of 116] Compiling Data.Bifoldable.Compat ( src/Data/Bifoldable/Compat.hs, dist/dist-sandbox-4bf9fd06/build/Data/Bifoldable/Compat.o )
[ 18 of 116] Compiling Data.Bifoldable.Compat.Repl.Batteries ( src/Data/Bifoldable/Compat/Repl/Batteries.hs, dist/dist-sandbox-4bf9fd06/build/Data/Bifoldable/Compat/Repl/Batteries.o )
[ 19 of 116] Compiling Data.Bifunctor.Compat ( src/Data/Bifunctor/Compat.hs, dist/dist-sandbox-4bf9fd06/build/Data/Bifunctor/Compat.o )
[ 20 of 116] Compiling Data.Bifunctor.Compat.Repl.Batteries ( src/Data/Bifunctor/Compat/Repl/Batteries.hs, dist/dist-sandbox-4bf9fd06/build/Data/Bifunctor/Compat/Repl/Batteries.o )
[ 21 of 116] Compiling Data.Bitraversable.Compat ( src/Data/Bitraversable/Compat.hs, dist/dist-sandbox-4bf9fd06/build/Data/Bitraversable/Compat.o )
[ 22 of 116] Compiling Data.Bitraversable.Compat.Repl.Batteries ( src/Data/Bitraversable/Compat/Repl/Batteries.hs, dist/dist-sandbox-4bf9fd06/build/Data/Bitraversable/Compat/Repl/Batteries.o )
[ 23 of 116] Compiling Data.Bits.Compat ( src/Data/Bits/Compat.hs, dist/dist-sandbox-4bf9fd06/build/Data/Bits/Compat.o )
[ 24 of 116] Compiling Data.Bits.Compat.Repl.Batteries ( src/Data/Bits/Compat/Repl/Batteries.hs, dist/dist-sandbox-4bf9fd06/build/Data/Bits/Compat/Repl/Batteries.o )
[ 25 of 116] Compiling Data.Bool.Compat ( src/Data/Bool/Compat.hs, dist/dist-sandbox-4bf9fd06/build/Data/Bool/Compat.o )
[ 26 of 116] Compiling Data.Bool.Compat.Repl.Batteries ( src/Data/Bool/Compat/Repl/Batteries.hs, dist/dist-sandbox-4bf9fd06/build/Data/Bool/Compat/Repl/Batteries.o )
[ 27 of 116] Compiling Data.Complex.Compat ( src/Data/Complex/Compat.hs, dist/dist-sandbox-4bf9fd06/build/Data/Complex/Compat.o )
[ 28 of 116] Compiling Data.Complex.Compat.Repl.Batteries ( src/Data/Complex/Compat/Repl/Batteries.hs, dist/dist-sandbox-4bf9fd06/build/Data/Complex/Compat/Repl/Batteries.o )
[ 29 of 116] Compiling Data.Either.Compat ( src/Data/Either/Compat.hs, dist/dist-sandbox-4bf9fd06/build/Data/Either/Compat.o )
[ 30 of 116] Compiling Data.Either.Compat.Repl.Batteries ( src/Data/Either/Compat/Repl/Batteries.hs, dist/dist-sandbox-4bf9fd06/build/Data/Either/Compat/Repl/Batteries.o )
[ 31 of 116] Compiling Data.Foldable.Compat ( src/Data/Foldable/Compat.hs, dist/dist-sandbox-4bf9fd06/build/Data/Foldable/Compat.o )
[ 32 of 116] Compiling Data.Foldable.Compat.Repl.Batteries ( src/Data/Foldable/Compat/Repl/Batteries.hs, dist/dist-sandbox-4bf9fd06/build/Data/Foldable/Compat/Repl/Batteries.o )
[ 33 of 116] Compiling Data.Function.Compat ( src/Data/Function/Compat.hs, dist/dist-sandbox-4bf9fd06/build/Data/Function/Compat.o )
[ 34 of 116] Compiling Data.Function.Compat.Repl.Batteries ( src/Data/Function/Compat/Repl/Batteries.hs, dist/dist-sandbox-4bf9fd06/build/Data/Function/Compat/Repl/Batteries.o )
[ 35 of 116] Compiling Data.Functor.Compat ( src/Data/Functor/Compat.hs, dist/dist-sandbox-4bf9fd06/build/Data/Functor/Compat.o )
[ 36 of 116] Compiling Data.Functor.Compat.Repl.Batteries ( src/Data/Functor/Compat/Repl/Batteries.hs, dist/dist-sandbox-4bf9fd06/build/Data/Functor/Compat/Repl/Batteries.o )
[ 37 of 116] Compiling Data.Functor.Compose.Compat ( src/Data/Functor/Compose/Compat.hs, dist/dist-sandbox-4bf9fd06/build/Data/Functor/Compose/Compat.o )
[ 38 of 116] Compiling Data.Functor.Compose.Compat.Repl.Batteries ( src/Data/Functor/Compose/Compat/Repl/Batteries.hs, dist/dist-sandbox-4bf9fd06/build/Data/Functor/Compose/Compat/Repl/Batteries.o )
[ 39 of 116] Compiling Data.Functor.Const.Compat ( src/Data/Functor/Const/Compat.hs, dist/dist-sandbox-4bf9fd06/build/Data/Functor/Const/Compat.o )
[ 40 of 116] Compiling Data.Functor.Const.Compat.Repl.Batteries ( src/Data/Functor/Const/Compat/Repl/Batteries.hs, dist/dist-sandbox-4bf9fd06/build/Data/Functor/Const/Compat/Repl/Batteries.o )
[ 41 of 116] Compiling Data.Functor.Contravariant.Compat ( src/Data/Functor/Contravariant/Compat.hs, dist/dist-sandbox-4bf9fd06/build/Data/Functor/Contravariant/Compat.o )
[ 42 of 116] Compiling Data.Functor.Contravariant.Compat.Repl.Batteries ( src/Data/Functor/Contravariant/Compat/Repl/Batteries.hs, dist/dist-sandbox-4bf9fd06/build/Data/Functor/Contravariant/Compat/Repl/Batteries.o )
[ 43 of 116] Compiling Data.Functor.Identity.Compat ( src/Data/Functor/Identity/Compat.hs, dist/dist-sandbox-4bf9fd06/build/Data/Functor/Identity/Compat.o )
[ 44 of 116] Compiling Data.Functor.Identity.Compat.Repl.Batteries ( src/Data/Functor/Identity/Compat/Repl/Batteries.hs, dist/dist-sandbox-4bf9fd06/build/Data/Functor/Identity/Compat/Repl/Batteries.o )
[ 45 of 116] Compiling Data.Functor.Product.Compat ( src/Data/Functor/Product/Compat.hs, dist/dist-sandbox-4bf9fd06/build/Data/Functor/Product/Compat.o )
[ 46 of 116] Compiling Data.Functor.Product.Compat.Repl.Batteries ( src/Data/Functor/Product/Compat/Repl/Batteries.hs, dist/dist-sandbox-4bf9fd06/build/Data/Functor/Product/Compat/Repl/Batteries.o )
[ 47 of 116] Compiling Data.Functor.Sum.Compat ( src/Data/Functor/Sum/Compat.hs, dist/dist-sandbox-4bf9fd06/build/Data/Functor/Sum/Compat.o )
[ 48 of 116] Compiling Data.Functor.Sum.Compat.Repl.Batteries ( src/Data/Functor/Sum/Compat/Repl/Batteries.hs, dist/dist-sandbox-4bf9fd06/build/Data/Functor/Sum/Compat/Repl/Batteries.o )
[ 49 of 116] Compiling Data.IORef.Compat ( src/Data/IORef/Compat.hs, dist/dist-sandbox-4bf9fd06/build/Data/IORef/Compat.o )
[ 50 of 116] Compiling Data.IORef.Compat.Repl.Batteries ( src/Data/IORef/Compat/Repl/Batteries.hs, dist/dist-sandbox-4bf9fd06/build/Data/IORef/Compat/Repl/Batteries.o )
[ 51 of 116] Compiling Data.List.Compat ( src/Data/List/Compat.hs, dist/dist-sandbox-4bf9fd06/build/Data/List/Compat.o )
[ 52 of 116] Compiling Data.List.Compat.Repl.Batteries ( src/Data/List/Compat/Repl/Batteries.hs, dist/dist-sandbox-4bf9fd06/build/Data/List/Compat/Repl/Batteries.o )
[ 53 of 116] Compiling Data.List.NonEmpty.Compat ( src/Data/List/NonEmpty/Compat.hs, dist/dist-sandbox-4bf9fd06/build/Data/List/NonEmpty/Compat.o )
[ 54 of 116] Compiling Data.List.NonEmpty.Compat.Repl.Batteries ( src/Data/List/NonEmpty/Compat/Repl/Batteries.hs, dist/dist-sandbox-4bf9fd06/build/Data/List/NonEmpty/Compat/Repl/Batteries.o )
[ 55 of 116] Compiling Data.Monoid.Compat ( src/Data/Monoid/Compat.hs, dist/dist-sandbox-4bf9fd06/build/Data/Monoid/Compat.o )
[ 56 of 116] Compiling Data.Monoid.Compat.Repl.Batteries ( src/Data/Monoid/Compat/Repl/Batteries.hs, dist/dist-sandbox-4bf9fd06/build/Data/Monoid/Compat/Repl/Batteries.o )
[ 57 of 116] Compiling Data.Proxy.Compat ( src/Data/Proxy/Compat.hs, dist/dist-sandbox-4bf9fd06/build/Data/Proxy/Compat.o )
[ 58 of 116] Compiling Data.Proxy.Compat.Repl.Batteries ( src/Data/Proxy/Compat/Repl/Batteries.hs, dist/dist-sandbox-4bf9fd06/build/Data/Proxy/Compat/Repl/Batteries.o )
[ 59 of 116] Compiling Data.Ratio.Compat ( src/Data/Ratio/Compat.hs, dist/dist-sandbox-4bf9fd06/build/Data/Ratio/Compat.o )
[ 60 of 116] Compiling Data.Ratio.Compat.Repl.Batteries ( src/Data/Ratio/Compat/Repl/Batteries.hs, dist/dist-sandbox-4bf9fd06/build/Data/Ratio/Compat/Repl/Batteries.o )
[ 61 of 116] Compiling Data.STRef.Compat ( src/Data/STRef/Compat.hs, dist/dist-sandbox-4bf9fd06/build/Data/STRef/Compat.o )
[ 62 of 116] Compiling Data.STRef.Compat.Repl.Batteries ( src/Data/STRef/Compat/Repl/Batteries.hs, dist/dist-sandbox-4bf9fd06/build/Data/STRef/Compat/Repl/Batteries.o )
[ 63 of 116] Compiling Data.Semigroup.Compat ( src/Data/Semigroup/Compat.hs, dist/dist-sandbox-4bf9fd06/build/Data/Semigroup/Compat.o )
[ 64 of 116] Compiling Data.Semigroup.Compat.Repl.Batteries ( src/Data/Semigroup/Compat/Repl/Batteries.hs, dist/dist-sandbox-4bf9fd06/build/Data/Semigroup/Compat/Repl/Batteries.o )
[ 65 of 116] Compiling Data.String.Compat ( src/Data/String/Compat.hs, dist/dist-sandbox-4bf9fd06/build/Data/String/Compat.o )
[ 66 of 116] Compiling Data.String.Compat.Repl.Batteries ( src/Data/String/Compat/Repl/Batteries.hs, dist/dist-sandbox-4bf9fd06/build/Data/String/Compat/Repl/Batteries.o )
[ 67 of 116] Compiling Data.Type.Coercion.Compat ( src/Data/Type/Coercion/Compat.hs, dist/dist-sandbox-4bf9fd06/build/Data/Type/Coercion/Compat.o )
[ 68 of 116] Compiling Data.Type.Coercion.Compat.Repl.Batteries ( src/Data/Type/Coercion/Compat/Repl/Batteries.hs, dist/dist-sandbox-4bf9fd06/build/Data/Type/Coercion/Compat/Repl/Batteries.o )
[ 69 of 116] Compiling Data.Type.Equality.Compat ( src/Data/Type/Equality/Compat.hs, dist/dist-sandbox-4bf9fd06/build/Data/Type/Equality/Compat.o )
[ 70 of 116] Compiling Data.Type.Equality.Compat.Repl.Batteries ( src/Data/Type/Equality/Compat/Repl/Batteries.hs, dist/dist-sandbox-4bf9fd06/build/Data/Type/Equality/Compat/Repl/Batteries.o )
[ 71 of 116] Compiling Data.Version.Compat ( src/Data/Version/Compat.hs, dist/dist-sandbox-4bf9fd06/build/Data/Version/Compat.o )
[ 72 of 116] Compiling Data.Version.Compat.Repl.Batteries ( src/Data/Version/Compat/Repl/Batteries.hs, dist/dist-sandbox-4bf9fd06/build/Data/Version/Compat/Repl/Batteries.o )
[ 73 of 116] Compiling Data.Void.Compat ( src/Data/Void/Compat.hs, dist/dist-sandbox-4bf9fd06/build/Data/Void/Compat.o )
[ 74 of 116] Compiling Data.Void.Compat.Repl.Batteries ( src/Data/Void/Compat/Repl/Batteries.hs, dist/dist-sandbox-4bf9fd06/build/Data/Void/Compat/Repl/Batteries.o )
[ 75 of 116] Compiling Data.Word.Compat ( src/Data/Word/Compat.hs, dist/dist-sandbox-4bf9fd06/build/Data/Word/Compat.o )
[ 76 of 116] Compiling Data.Word.Compat.Repl.Batteries ( src/Data/Word/Compat/Repl/Batteries.hs, dist/dist-sandbox-4bf9fd06/build/Data/Word/Compat/Repl/Batteries.o )
[ 77 of 116] Compiling Debug.Trace.Compat ( src/Debug/Trace/Compat.hs, dist/dist-sandbox-4bf9fd06/build/Debug/Trace/Compat.o )
[ 78 of 116] Compiling Debug.Trace.Compat.Repl.Batteries ( src/Debug/Trace/Compat/Repl/Batteries.hs, dist/dist-sandbox-4bf9fd06/build/Debug/Trace/Compat/Repl/Batteries.o )
[ 79 of 116] Compiling Foreign.Compat   ( src/Foreign/Compat.hs, dist/dist-sandbox-4bf9fd06/build/Foreign/Compat.o )
[ 80 of 116] Compiling Foreign.Compat.Repl.Batteries ( src/Foreign/Compat/Repl/Batteries.hs, dist/dist-sandbox-4bf9fd06/build/Foreign/Compat/Repl/Batteries.o )
[ 81 of 116] Compiling Foreign.ForeignPtr.Compat ( src/Foreign/ForeignPtr/Compat.hs, dist/dist-sandbox-4bf9fd06/build/Foreign/ForeignPtr/Compat.o )
[ 82 of 116] Compiling Foreign.ForeignPtr.Compat.Repl.Batteries ( src/Foreign/ForeignPtr/Compat/Repl/Batteries.hs, dist/dist-sandbox-4bf9fd06/build/Foreign/ForeignPtr/Compat/Repl/Batteries.o )
[ 83 of 116] Compiling Foreign.ForeignPtr.Safe.Compat ( src/Foreign/ForeignPtr/Safe/Compat.hs, dist/dist-sandbox-4bf9fd06/build/Foreign/ForeignPtr/Safe/Compat.o )
[ 84 of 116] Compiling Foreign.ForeignPtr.Safe.Compat.Repl.Batteries ( src/Foreign/ForeignPtr/Safe/Compat/Repl/Batteries.hs, dist/dist-sandbox-4bf9fd06/build/Foreign/ForeignPtr/Safe/Compat/Repl/Batteries.o )
[ 85 of 116] Compiling Foreign.ForeignPtr.Unsafe.Compat ( src/Foreign/ForeignPtr/Unsafe/Compat.hs, dist/dist-sandbox-4bf9fd06/build/Foreign/ForeignPtr/Unsafe/Compat.o )
[ 86 of 116] Compiling Foreign.ForeignPtr.Unsafe.Compat.Repl.Batteries ( src/Foreign/ForeignPtr/Unsafe/Compat/Repl/Batteries.hs, dist/dist-sandbox-4bf9fd06/build/Foreign/ForeignPtr/Unsafe/Compat/Repl/Batteries.o )
[ 87 of 116] Compiling Foreign.Marshal.Alloc.Compat ( src/Foreign/Marshal/Alloc/Compat.hs, dist/dist-sandbox-4bf9fd06/build/Foreign/Marshal/Alloc/Compat.o )
[ 88 of 116] Compiling Foreign.Marshal.Alloc.Compat.Repl.Batteries ( src/Foreign/Marshal/Alloc/Compat/Repl/Batteries.hs, dist/dist-sandbox-4bf9fd06/build/Foreign/Marshal/Alloc/Compat/Repl/Batteries.o )
[ 89 of 116] Compiling Foreign.Marshal.Array.Compat ( src/Foreign/Marshal/Array/Compat.hs, dist/dist-sandbox-4bf9fd06/build/Foreign/Marshal/Array/Compat.o )
[ 90 of 116] Compiling Foreign.Marshal.Array.Compat.Repl.Batteries ( src/Foreign/Marshal/Array/Compat/Repl/Batteries.hs, dist/dist-sandbox-4bf9fd06/build/Foreign/Marshal/Array/Compat/Repl/Batteries.o )
[ 91 of 116] Compiling Foreign.Marshal.Compat ( src/Foreign/Marshal/Compat.hs, dist/dist-sandbox-4bf9fd06/build/Foreign/Marshal/Compat.o )
[ 92 of 116] Compiling Foreign.Marshal.Compat.Repl.Batteries ( src/Foreign/Marshal/Compat/Repl/Batteries.hs, dist/dist-sandbox-4bf9fd06/build/Foreign/Marshal/Compat/Repl/Batteries.o )
[ 93 of 116] Compiling Foreign.Marshal.Safe.Compat ( src/Foreign/Marshal/Safe/Compat.hs, dist/dist-sandbox-4bf9fd06/build/Foreign/Marshal/Safe/Compat.o )
[ 94 of 116] Compiling Foreign.Marshal.Safe.Compat.Repl.Batteries ( src/Foreign/Marshal/Safe/Compat/Repl/Batteries.hs, dist/dist-sandbox-4bf9fd06/build/Foreign/Marshal/Safe/Compat/Repl/Batteries.o )
[ 95 of 116] Compiling Foreign.Marshal.Unsafe.Compat ( src/Foreign/Marshal/Unsafe/Compat.hs, dist/dist-sandbox-4bf9fd06/build/Foreign/Marshal/Unsafe/Compat.o )
[ 96 of 116] Compiling Foreign.Marshal.Unsafe.Compat.Repl.Batteries ( src/Foreign/Marshal/Unsafe/Compat/Repl/Batteries.hs, dist/dist-sandbox-4bf9fd06/build/Foreign/Marshal/Unsafe/Compat/Repl/Batteries.o )
[ 97 of 116] Compiling Foreign.Marshal.Utils.Compat ( src/Foreign/Marshal/Utils/Compat.hs, dist/dist-sandbox-4bf9fd06/build/Foreign/Marshal/Utils/Compat.o )
[ 98 of 116] Compiling Foreign.Marshal.Utils.Compat.Repl.Batteries ( src/Foreign/Marshal/Utils/Compat/Repl/Batteries.hs, dist/dist-sandbox-4bf9fd06/build/Foreign/Marshal/Utils/Compat/Repl/Batteries.o )
[ 99 of 116] Compiling Numeric.Compat   ( src/Numeric/Compat.hs, dist/dist-sandbox-4bf9fd06/build/Numeric/Compat.o )
[100 of 116] Compiling Numeric.Compat.Repl.Batteries ( src/Numeric/Compat/Repl/Batteries.hs, dist/dist-sandbox-4bf9fd06/build/Numeric/Compat/Repl/Batteries.o )
[101 of 116] Compiling Numeric.Natural.Compat ( src/Numeric/Natural/Compat.hs, dist/dist-sandbox-4bf9fd06/build/Numeric/Natural/Compat.o )
[102 of 116] Compiling Numeric.Natural.Compat.Repl.Batteries ( src/Numeric/Natural/Compat/Repl/Batteries.hs, dist/dist-sandbox-4bf9fd06/build/Numeric/Natural/Compat/Repl/Batteries.o )
[103 of 116] Compiling Prelude.Compat   ( src/Prelude/Compat.hs, dist/dist-sandbox-4bf9fd06/build/Prelude/Compat.o )
[104 of 116] Compiling Prelude.Compat.Repl.Batteries ( src/Prelude/Compat/Repl/Batteries.hs, dist/dist-sandbox-4bf9fd06/build/Prelude/Compat/Repl/Batteries.o )
[105 of 116] Compiling System.Environment.Compat ( src/System/Environment/Compat.hs, dist/dist-sandbox-4bf9fd06/build/System/Environment/Compat.o )
[106 of 116] Compiling System.Environment.Compat.Repl.Batteries ( src/System/Environment/Compat/Repl/Batteries.hs, dist/dist-sandbox-4bf9fd06/build/System/Environment/Compat/Repl/Batteries.o )
[107 of 116] Compiling System.Exit.Compat ( src/System/Exit/Compat.hs, dist/dist-sandbox-4bf9fd06/build/System/Exit/Compat.o )
[108 of 116] Compiling System.Exit.Compat.Repl.Batteries ( src/System/Exit/Compat/Repl/Batteries.hs, dist/dist-sandbox-4bf9fd06/build/System/Exit/Compat/Repl/Batteries.o )
[109 of 116] Compiling System.IO.Error.Compat ( src/System/IO/Error/Compat.hs, dist/dist-sandbox-4bf9fd06/build/System/IO/Error/Compat.o )
[110 of 116] Compiling System.IO.Error.Compat.Repl.Batteries ( src/System/IO/Error/Compat/Repl/Batteries.hs, dist/dist-sandbox-4bf9fd06/build/System/IO/Error/Compat/Repl/Batteries.o )
[111 of 116] Compiling System.IO.Unsafe.Compat ( src/System/IO/Unsafe/Compat.hs, dist/dist-sandbox-4bf9fd06/build/System/IO/Unsafe/Compat.o )
[112 of 116] Compiling System.IO.Unsafe.Compat.Repl.Batteries ( src/System/IO/Unsafe/Compat/Repl/Batteries.hs, dist/dist-sandbox-4bf9fd06/build/System/IO/Unsafe/Compat/Repl/Batteries.o )
[113 of 116] Compiling Text.Read.Compat ( src/Text/Read/Compat.hs, dist/dist-sandbox-4bf9fd06/build/Text/Read/Compat.o )
[114 of 116] Compiling Text.Read.Compat.Repl.Batteries ( src/Text/Read/Compat/Repl/Batteries.hs, dist/dist-sandbox-4bf9fd06/build/Text/Read/Compat/Repl/Batteries.o )
[115 of 116] Compiling Type.Reflection.Compat ( src/Type/Reflection/Compat.hs, dist/dist-sandbox-4bf9fd06/build/Type/Reflection/Compat.o )
[116 of 116] Compiling Type.Reflection.Compat.Repl.Batteries ( src/Type/Reflection/Compat/Repl/Batteries.hs, dist/dist-sandbox-4bf9fd06/build/Type/Reflection/Compat/Repl/Batteries.o )
Installing library in /home/mitch/git/portfolioRebalancer/backend/.cabal-sandbox/lib/x86_64-linux-ghc-8.6.5/base-compat-batteries-0.11.1-E0n1xvNRVNK269mVoV0oQN
cabal: Leaving directory '/tmp/cabal-tmp-4331/base-compat-batteries-0.11.1'
