cabal: Entering directory '/tmp/cabal-tmp-4333/hourglass-0.2.12'
Configuring hourglass-0.2.12...
Preprocessing library for hourglass-0.2.12..
Building library for hourglass-0.2.12..
[ 1 of 17] Compiling Data.Hourglass.Utils ( Data/Hourglass/Utils.hs, dist/dist-sandbox-4bf9fd06/build/Data/Hourglass/Utils.o )
[ 2 of 17] Compiling Data.Hourglass.Zone ( Data/Hourglass/Zone.hs, dist/dist-sandbox-4bf9fd06/build/Data/Hourglass/Zone.o )
[ 3 of 17] Compiling Time.Types       ( Time/Types.hs, dist/dist-sandbox-4bf9fd06/build/Time/Types.o )
[ 4 of 17] Compiling Data.Hourglass.Types ( Data/Hourglass/Types.hs, dist/dist-sandbox-4bf9fd06/build/Data/Hourglass/Types.o )
[ 5 of 17] Compiling Data.Hourglass.Internal.Unix ( Data/Hourglass/Internal/Unix.hs, dist/dist-sandbox-4bf9fd06/build/Data/Hourglass/Internal/Unix.o )

Data/Hourglass/Internal/Unix.hs:24:1: warning: [-Wunused-imports]
    The import of ‘Control.Applicative’ is redundant
      except perhaps to import instances from ‘Control.Applicative’
    To import instances alone, use: import Control.Applicative()
   |
24 | import Control.Applicative
   | ^^^^^^^^^^^^^^^^^^^^^^^^^^
[ 6 of 17] Compiling Data.Hourglass.Internal ( Data/Hourglass/Internal.hs, dist/dist-sandbox-4bf9fd06/build/Data/Hourglass/Internal.o )
[ 7 of 17] Compiling Data.Hourglass.Calendar ( Data/Hourglass/Calendar.hs, dist/dist-sandbox-4bf9fd06/build/Data/Hourglass/Calendar.o )
[ 8 of 17] Compiling Data.Hourglass.Diff ( Data/Hourglass/Diff.hs, dist/dist-sandbox-4bf9fd06/build/Data/Hourglass/Diff.o )

Data/Hourglass/Diff.hs:23:1: warning: [-Wunused-imports]
    The import of ‘Data.Monoid’ is redundant
      except perhaps to import instances from ‘Data.Monoid’
    To import instances alone, use: import Data.Monoid()
   |
23 | import Data.Monoid
   | ^^^^^^^^^^^^^^^^^^
[ 9 of 17] Compiling Data.Hourglass.Time ( Data/Hourglass/Time.hs, dist/dist-sandbox-4bf9fd06/build/Data/Hourglass/Time.o )
[10 of 17] Compiling Data.Hourglass.Epoch ( Data/Hourglass/Epoch.hs, dist/dist-sandbox-4bf9fd06/build/Data/Hourglass/Epoch.o )
[11 of 17] Compiling Data.Hourglass.Local ( Data/Hourglass/Local.hs, dist/dist-sandbox-4bf9fd06/build/Data/Hourglass/Local.o )
[12 of 17] Compiling Time.System      ( Time/System.hs, dist/dist-sandbox-4bf9fd06/build/Time/System.o )

Time/System.hs:23:1: warning: [-Wunused-imports]
    The import of ‘Control.Applicative’ is redundant
      except perhaps to import instances from ‘Control.Applicative’
    To import instances alone, use: import Control.Applicative()
   |
23 | import Control.Applicative
   | ^^^^^^^^^^^^^^^^^^^^^^^^^^
[13 of 17] Compiling System.Hourglass ( System/Hourglass.hs, dist/dist-sandbox-4bf9fd06/build/System/Hourglass.o )
[14 of 17] Compiling Data.Hourglass.Format ( Data/Hourglass/Format.hs, dist/dist-sandbox-4bf9fd06/build/Data/Hourglass/Format.o )
[15 of 17] Compiling Data.Hourglass   ( Data/Hourglass.hs, dist/dist-sandbox-4bf9fd06/build/Data/Hourglass.o )
[16 of 17] Compiling Time.Compat      ( Time/Compat.hs, dist/dist-sandbox-4bf9fd06/build/Time/Compat.o )
[17 of 17] Compiling Data.Hourglass.Compat ( Data/Hourglass/Compat.hs, dist/dist-sandbox-4bf9fd06/build/Data/Hourglass/Compat.o )
Installing library in /home/mitch/git/portfolioRebalancer/backend/.cabal-sandbox/lib/x86_64-linux-ghc-8.6.5/hourglass-0.2.12-333qxqQQ3eK9Jo0nKcpgW5
cabal: Leaving directory '/tmp/cabal-tmp-4333/hourglass-0.2.12'
