cabal: Entering directory '/tmp/cabal-tmp-4338/http2-2.0.4'
Configuring http2-2.0.4...
Preprocessing library for http2-2.0.4..
Building library for http2-2.0.4..
[ 1 of 45] Compiling Imports          ( Imports.hs, dist/dist-sandbox-4bf9fd06/build/Imports.o )
[ 2 of 45] Compiling Network.HPACK.Builder ( Network/HPACK/Builder.hs, dist/dist-sandbox-4bf9fd06/build/Network/HPACK/Builder.o )
[ 3 of 45] Compiling Network.HPACK.HeaderBlock.Integer ( Network/HPACK/HeaderBlock/Integer.hs, dist/dist-sandbox-4bf9fd06/build/Network/HPACK/HeaderBlock/Integer.o )
[ 4 of 45] Compiling Network.HPACK.Huffman.Bit ( Network/HPACK/Huffman/Bit.hs, dist/dist-sandbox-4bf9fd06/build/Network/HPACK/Huffman/Bit.o )
[ 5 of 45] Compiling Network.HPACK.Huffman.ByteString ( Network/HPACK/Huffman/ByteString.hs, dist/dist-sandbox-4bf9fd06/build/Network/HPACK/Huffman/ByteString.o )
[ 6 of 45] Compiling Network.HPACK.Huffman.Params ( Network/HPACK/Huffman/Params.hs, dist/dist-sandbox-4bf9fd06/build/Network/HPACK/Huffman/Params.o )
[ 7 of 45] Compiling Network.HPACK.Huffman.Table ( Network/HPACK/Huffman/Table.hs, dist/dist-sandbox-4bf9fd06/build/Network/HPACK/Huffman/Table.o )
[ 8 of 45] Compiling Network.HPACK.Huffman.Encode ( Network/HPACK/Huffman/Encode.hs, dist/dist-sandbox-4bf9fd06/build/Network/HPACK/Huffman/Encode.o )
[ 9 of 45] Compiling Network.HPACK.Huffman.Tree ( Network/HPACK/Huffman/Tree.hs, dist/dist-sandbox-4bf9fd06/build/Network/HPACK/Huffman/Tree.o )
[10 of 45] Compiling Network.HPACK.Token ( Network/HPACK/Token.hs, dist/dist-sandbox-4bf9fd06/build/Network/HPACK/Token.o )
[11 of 45] Compiling Network.HPACK.Types ( Network/HPACK/Types.hs, dist/dist-sandbox-4bf9fd06/build/Network/HPACK/Types.o )
[12 of 45] Compiling Network.HPACK.Table.Entry ( Network/HPACK/Table/Entry.hs, dist/dist-sandbox-4bf9fd06/build/Network/HPACK/Table/Entry.o )
[13 of 45] Compiling Network.HPACK.Table.Static ( Network/HPACK/Table/Static.hs, dist/dist-sandbox-4bf9fd06/build/Network/HPACK/Table/Static.o )
[14 of 45] Compiling Network.HPACK.Table.RevIndex ( Network/HPACK/Table/RevIndex.hs, dist/dist-sandbox-4bf9fd06/build/Network/HPACK/Table/RevIndex.o )
[15 of 45] Compiling Network.HPACK.Huffman.Decode ( Network/HPACK/Huffman/Decode.hs, dist/dist-sandbox-4bf9fd06/build/Network/HPACK/Huffman/Decode.o )
[16 of 45] Compiling Network.HPACK.Huffman ( Network/HPACK/Huffman.hs, dist/dist-sandbox-4bf9fd06/build/Network/HPACK/Huffman.o )
[17 of 45] Compiling Network.HPACK.Table.Dynamic ( Network/HPACK/Table/Dynamic.hs, dist/dist-sandbox-4bf9fd06/build/Network/HPACK/Table/Dynamic.o )
[18 of 45] Compiling Network.HPACK.Table ( Network/HPACK/Table.hs, dist/dist-sandbox-4bf9fd06/build/Network/HPACK/Table.o )
[19 of 45] Compiling Network.HPACK.HeaderBlock.Encode ( Network/HPACK/HeaderBlock/Encode.hs, dist/dist-sandbox-4bf9fd06/build/Network/HPACK/HeaderBlock/Encode.o )
[20 of 45] Compiling Network.HPACK.HeaderBlock.Decode ( Network/HPACK/HeaderBlock/Decode.hs, dist/dist-sandbox-4bf9fd06/build/Network/HPACK/HeaderBlock/Decode.o )
[21 of 45] Compiling Network.HPACK.HeaderBlock ( Network/HPACK/HeaderBlock.hs, dist/dist-sandbox-4bf9fd06/build/Network/HPACK/HeaderBlock.o )
[22 of 45] Compiling Network.HPACK    ( Network/HPACK.hs, dist/dist-sandbox-4bf9fd06/build/Network/HPACK.o )
[23 of 45] Compiling Network.HTTP2.Priority.PSQ ( Network/HTTP2/Priority/PSQ.hs, dist/dist-sandbox-4bf9fd06/build/Network/HTTP2/Priority/PSQ.o )
[24 of 45] Compiling Network.HTTP2.Priority.Queue ( Network/HTTP2/Priority/Queue.hs, dist/dist-sandbox-4bf9fd06/build/Network/HTTP2/Priority/Queue.o )
[25 of 45] Compiling Network.HTTP2.Server.Manager ( Network/HTTP2/Server/Manager.hs, dist/dist-sandbox-4bf9fd06/build/Network/HTTP2/Server/Manager.o )
[26 of 45] Compiling Network.HTTP2.Server.ReadN ( Network/HTTP2/Server/ReadN.hs, dist/dist-sandbox-4bf9fd06/build/Network/HTTP2/Server/ReadN.o )
[27 of 45] Compiling Network.HTTP2.Types ( Network/HTTP2/Types.hs, dist/dist-sandbox-4bf9fd06/build/Network/HTTP2/Types.o )
[28 of 45] Compiling Network.HTTP2.Priority ( Network/HTTP2/Priority.hs, dist/dist-sandbox-4bf9fd06/build/Network/HTTP2/Priority.o )
[29 of 45] Compiling Network.HTTP2.Encode ( Network/HTTP2/Encode.hs, dist/dist-sandbox-4bf9fd06/build/Network/HTTP2/Encode.o )
[30 of 45] Compiling Network.HTTP2.Decode ( Network/HTTP2/Decode.hs, dist/dist-sandbox-4bf9fd06/build/Network/HTTP2/Decode.o )
[31 of 45] Compiling Network.HTTP2    ( Network/HTTP2.hs, dist/dist-sandbox-4bf9fd06/build/Network/HTTP2.o )
[32 of 45] Compiling Network.HTTP2.Server.EncodeFrame ( Network/HTTP2/Server/EncodeFrame.hs, dist/dist-sandbox-4bf9fd06/build/Network/HTTP2/Server/EncodeFrame.o )
[33 of 45] Compiling Network.HTTP2.Server.API ( Network/HTTP2/Server/API.hs, dist/dist-sandbox-4bf9fd06/build/Network/HTTP2/Server/API.o )
[34 of 45] Compiling Network.HTTP2.Server.Types ( Network/HTTP2/Server/Types.hs, dist/dist-sandbox-4bf9fd06/build/Network/HTTP2/Server/Types.o )
[35 of 45] Compiling Network.HTTP2.Server.Stream ( Network/HTTP2/Server/Stream.hs, dist/dist-sandbox-4bf9fd06/build/Network/HTTP2/Server/Stream.o )
[36 of 45] Compiling Network.HTTP2.Server.Queue ( Network/HTTP2/Server/Queue.hs, dist/dist-sandbox-4bf9fd06/build/Network/HTTP2/Server/Queue.o )
[37 of 45] Compiling Network.HTTP2.Server.Context ( Network/HTTP2/Server/Context.hs, dist/dist-sandbox-4bf9fd06/build/Network/HTTP2/Server/Context.o )
[38 of 45] Compiling Network.HTTP2.Server.Worker ( Network/HTTP2/Server/Worker.hs, dist/dist-sandbox-4bf9fd06/build/Network/HTTP2/Server/Worker.o )
[39 of 45] Compiling Network.HTTP2.Server.HPACK ( Network/HTTP2/Server/HPACK.hs, dist/dist-sandbox-4bf9fd06/build/Network/HTTP2/Server/HPACK.o )
[40 of 45] Compiling Network.HTTP2.Server.Sender ( Network/HTTP2/Server/Sender.hs, dist/dist-sandbox-4bf9fd06/build/Network/HTTP2/Server/Sender.o )
[41 of 45] Compiling Network.HTTP2.Server.Receiver ( Network/HTTP2/Server/Receiver.hs, dist/dist-sandbox-4bf9fd06/build/Network/HTTP2/Server/Receiver.o )
[42 of 45] Compiling Network.HTTP2.Server.Run ( Network/HTTP2/Server/Run.hs, dist/dist-sandbox-4bf9fd06/build/Network/HTTP2/Server/Run.o )
[43 of 45] Compiling Network.HTTP2.Server.File ( Network/HTTP2/Server/File.hs, dist/dist-sandbox-4bf9fd06/build/Network/HTTP2/Server/File.o )
[44 of 45] Compiling Network.HTTP2.Server.Config ( Network/HTTP2/Server/Config.hs, dist/dist-sandbox-4bf9fd06/build/Network/HTTP2/Server/Config.o )
[45 of 45] Compiling Network.HTTP2.Server ( Network/HTTP2/Server.hs, dist/dist-sandbox-4bf9fd06/build/Network/HTTP2/Server.o )
Installing library in /home/mitch/git/portfolioRebalancer/backend/.cabal-sandbox/lib/x86_64-linux-ghc-8.6.5/http2-2.0.4-1tHyqISKMvT7Q9Dwvy6P9E
cabal: Leaving directory '/tmp/cabal-tmp-4338/http2-2.0.4'
