cabal: Entering directory '/tmp/cabal-tmp-4331/http-date-0.0.8'
Configuring http-date-0.0.8...
Preprocessing library for http-date-0.0.8..
Building library for http-date-0.0.8..
[1 of 5] Compiling Network.HTTP.Date.Types ( Network/HTTP/Date/Types.hs, dist/dist-sandbox-4bf9fd06/build/Network/HTTP/Date/Types.o )
[2 of 5] Compiling Network.HTTP.Date.Parser ( Network/HTTP/Date/Parser.hs, dist/dist-sandbox-4bf9fd06/build/Network/HTTP/Date/Parser.o )
[3 of 5] Compiling Network.HTTP.Date.Formatter ( Network/HTTP/Date/Formatter.hs, dist/dist-sandbox-4bf9fd06/build/Network/HTTP/Date/Formatter.o )
[4 of 5] Compiling Network.HTTP.Date.Converter ( Network/HTTP/Date/Converter.hs, dist/dist-sandbox-4bf9fd06/build/Network/HTTP/Date/Converter.o )

Network/HTTP/Date/Converter.hs:7:1: warning: [-Wunused-imports]
    The import of ‘Control.Applicative’ is redundant
      except perhaps to import instances from ‘Control.Applicative’
    To import instances alone, use: import Control.Applicative()
  |
7 | import Control.Applicative
  | ^^^^^^^^^^^^^^^^^^^^^^^^^^

Network/HTTP/Date/Converter.hs:97:6: warning: [-Wname-shadowing]
    This binding for ‘months’ shadows the existing binding
      imported from ‘Data.Time’ at Network/HTTP/Date/Converter.hs:9:1-16
      (and originally defined in ‘time-1.8.0.2:Data.Time.Format.Locale’)
   |
97 |     (months, daysArr) = if isLeap yy
   |      ^^^^^^

Network/HTTP/Date/Converter.hs:100:19: warning: [-Wdeprecations]
    In the use of ‘inlinePerformIO’
    (imported from Data.ByteString.Internal):
    Deprecated: "If you think you know what you are doing, use 'unsafePerformIO'. If you are sure you know what you are doing, use 'unsafeDupablePerformIO'. If you enjoy sharing an address space with a malevolent agent of chaos, try 'accursedUnutterablePerformIO'."
    |
100 |     findMonth n = inlinePerformIO $ (,) <$> (peekElemOff months n) <*> (peekElemOff daysArr n)
    |                   ^^^^^^^^^^^^^^^
[5 of 5] Compiling Network.HTTP.Date ( Network/HTTP/Date.hs, dist/dist-sandbox-4bf9fd06/build/Network/HTTP/Date.o )
Installing library in /home/mitch/git/portfolioRebalancer/backend/.cabal-sandbox/lib/x86_64-linux-ghc-8.6.5/http-date-0.0.8-DipdgJ9y0RH9xBssb24IcC
cabal: Leaving directory '/tmp/cabal-tmp-4331/http-date-0.0.8'
