cabal: Entering directory '/tmp/cabal-tmp-4335/resourcet-1.2.4'
Configuring resourcet-1.2.4...
Preprocessing library for resourcet-1.2.4..
Building library for resourcet-1.2.4..
[1 of 5] Compiling Data.Acquire.Internal ( Data/Acquire/Internal.hs, dist/dist-sandbox-4bf9fd06/build/Data/Acquire/Internal.o )
[2 of 5] Compiling Control.Monad.Trans.Resource.Internal ( Control/Monad/Trans/Resource/Internal.hs, dist/dist-sandbox-4bf9fd06/build/Control/Monad/Trans/Resource/Internal.o )

Control/Monad/Trans/Resource/Internal.hs:43:1: warning: [-Wdeprecations]
    Module ‘Control.Monad.Trans.List’ is deprecated:
      This transformer is invalid on most monads
   |
43 | import Control.Monad.Trans.List     ( ListT    )
   | ^^^^^^^^^^^^^^^^^^^^^^^^^^^^^^^^^^^^^^^^^^^^^^^^

Control/Monad/Trans/Resource/Internal.hs:266:46: warning: [-Wdeprecations]
    In the use of type constructor or class ‘ListT’
    (imported from Control.Monad.Trans.List):
    Deprecated: "This transformer is invalid on most monads"
    |
266 | GO(ListT)
    |                                              ^^^^^
[3 of 5] Compiling Data.Acquire     ( Data/Acquire.hs, dist/dist-sandbox-4bf9fd06/build/Data/Acquire.o )
[4 of 5] Compiling Control.Monad.Trans.Resource ( Control/Monad/Trans/Resource.hs, dist/dist-sandbox-4bf9fd06/build/Control/Monad/Trans/Resource.o )
[5 of 5] Compiling UnliftIO.Resource ( UnliftIO/Resource.hs, dist/dist-sandbox-4bf9fd06/build/UnliftIO/Resource.o )
Installing library in /home/mitch/git/portfolioRebalancer/backend/.cabal-sandbox/lib/x86_64-linux-ghc-8.6.5/resourcet-1.2.4-HbpfpvLFMdyDyDOOi4YiKL
cabal: Leaving directory '/tmp/cabal-tmp-4335/resourcet-1.2.4'
