cabal: Entering directory '/tmp/cabal-tmp-4331/wai-extra-3.0.29.1'
Configuring wai-extra-3.0.29.1...
Preprocessing library for wai-extra-3.0.29.1..
Building library for wai-extra-3.0.29.1..
[ 1 of 32] Compiling Network.Wai.EventSource.EventStream ( Network/Wai/EventSource/EventStream.hs, dist/dist-sandbox-4bf9fd06/build/Network/Wai/EventSource/EventStream.o )
[ 2 of 32] Compiling Network.Wai.EventSource ( Network/Wai/EventSource.hs, dist/dist-sandbox-4bf9fd06/build/Network/Wai/EventSource.o )
[ 3 of 32] Compiling Network.Wai.Handler.CGI ( Network/Wai/Handler/CGI.hs, dist/dist-sandbox-4bf9fd06/build/Network/Wai/Handler/CGI.o )

Network/Wai/Handler/CGI.hs:117:15: warning: [-Wdeprecations]
    In the use of ‘requestBody’ (imported from Network.Wai.Internal):
    Deprecated: "requestBody's name is misleading because it only gets a partial chunk of the body. Use getRequestBodyChunk instead."
    |
117 |             , requestBody = requestBody'
    |               ^^^^^^^^^^^
[ 4 of 32] Compiling Network.Wai.Handler.SCGI ( Network/Wai/Handler/SCGI.hs, dist/dist-sandbox-4bf9fd06/build/Network/Wai/Handler/SCGI.o )
[ 5 of 32] Compiling Network.Wai.Header ( Network/Wai/Header.hs, dist/dist-sandbox-4bf9fd06/build/Network/Wai/Header.o )
[ 6 of 32] Compiling Network.Wai.Middleware.AcceptOverride ( Network/Wai/Middleware/AcceptOverride.hs, dist/dist-sandbox-4bf9fd06/build/Network/Wai/Middleware/AcceptOverride.o )
[ 7 of 32] Compiling Network.Wai.Middleware.AddHeaders ( Network/Wai/Middleware/AddHeaders.hs, dist/dist-sandbox-4bf9fd06/build/Network/Wai/Middleware/AddHeaders.o )
[ 8 of 32] Compiling Network.Wai.Middleware.Autohead ( Network/Wai/Middleware/Autohead.hs, dist/dist-sandbox-4bf9fd06/build/Network/Wai/Middleware/Autohead.o )
[ 9 of 32] Compiling Network.Wai.Middleware.CleanPath ( Network/Wai/Middleware/CleanPath.hs, dist/dist-sandbox-4bf9fd06/build/Network/Wai/Middleware/CleanPath.o )
[10 of 32] Compiling Network.Wai.Middleware.Gzip ( Network/Wai/Middleware/Gzip.hs, dist/dist-sandbox-4bf9fd06/build/Network/Wai/Middleware/Gzip.o )
[11 of 32] Compiling Network.Wai.Middleware.HttpAuth ( Network/Wai/Middleware/HttpAuth.hs, dist/dist-sandbox-4bf9fd06/build/Network/Wai/Middleware/HttpAuth.o )
[12 of 32] Compiling Network.Wai.Middleware.Jsonp ( Network/Wai/Middleware/Jsonp.hs, dist/dist-sandbox-4bf9fd06/build/Network/Wai/Middleware/Jsonp.o )
[13 of 32] Compiling Network.Wai.Middleware.Local ( Network/Wai/Middleware/Local.hs, dist/dist-sandbox-4bf9fd06/build/Network/Wai/Middleware/Local.o )
[14 of 32] Compiling Network.Wai.Middleware.MethodOverride ( Network/Wai/Middleware/MethodOverride.hs, dist/dist-sandbox-4bf9fd06/build/Network/Wai/Middleware/MethodOverride.o )
[15 of 32] Compiling Network.Wai.Middleware.MethodOverridePost ( Network/Wai/Middleware/MethodOverridePost.hs, dist/dist-sandbox-4bf9fd06/build/Network/Wai/Middleware/MethodOverridePost.o )

Network/Wai/Middleware/MethodOverridePost.hs:43:54: warning: [-Wdeprecations]
    In the use of ‘requestBody’
    (imported from Network.Wai, but defined in Network.Wai.Internal):
    Deprecated: "requestBody's name is misleading because it only gets a partial chunk of the body. Use getRequestBodyChunk instead."
   |
43 |     (("_method", Just newmethod):_) -> return $ req {requestBody = rb, requestMethod = newmethod}
   |                                                      ^^^^^^^^^^^

Network/Wai/Middleware/MethodOverridePost.hs:44:54: warning: [-Wdeprecations]
    In the use of ‘requestBody’
    (imported from Network.Wai, but defined in Network.Wai.Internal):
    Deprecated: "requestBody's name is misleading because it only gets a partial chunk of the body. Use getRequestBodyChunk instead."
   |
44 |     _                               -> return $ req {requestBody = rb}
   |                                                      ^^^^^^^^^^^
[16 of 32] Compiling Network.Wai.Middleware.RequestLogger.Internal ( Network/Wai/Middleware/RequestLogger/Internal.hs, dist/dist-sandbox-4bf9fd06/build/Network/Wai/Middleware/RequestLogger/Internal.o )
[17 of 32] Compiling Network.Wai.Middleware.Rewrite ( Network/Wai/Middleware/Rewrite.hs, dist/dist-sandbox-4bf9fd06/build/Network/Wai/Middleware/Rewrite.o )
[18 of 32] Compiling Network.Wai.Middleware.Routed ( Network/Wai/Middleware/Routed.hs, dist/dist-sandbox-4bf9fd06/build/Network/Wai/Middleware/Routed.o )
[19 of 32] Compiling Network.Wai.Middleware.StreamFile ( Network/Wai/Middleware/StreamFile.hs, dist/dist-sandbox-4bf9fd06/build/Network/Wai/Middleware/StreamFile.o )
[20 of 32] Compiling Network.Wai.Middleware.StripHeaders ( Network/Wai/Middleware/StripHeaders.hs, dist/dist-sandbox-4bf9fd06/build/Network/Wai/Middleware/StripHeaders.o )
[21 of 32] Compiling Network.Wai.Middleware.Timeout ( Network/Wai/Middleware/Timeout.hs, dist/dist-sandbox-4bf9fd06/build/Network/Wai/Middleware/Timeout.o )
[22 of 32] Compiling Network.Wai.Middleware.Vhost ( Network/Wai/Middleware/Vhost.hs, dist/dist-sandbox-4bf9fd06/build/Network/Wai/Middleware/Vhost.o )
[23 of 32] Compiling Network.Wai.Parse ( Network/Wai/Parse.hs, dist/dist-sandbox-4bf9fd06/build/Network/Wai/Parse.o )

Network/Wai/Parse.hs:378:48: warning: [-Wdeprecations]
    In the use of ‘requestBody’
    (imported from Network.Wai, but defined in Network.Wai.Internal):
    Deprecated: "requestBody's name is misleading because it only gets a partial chunk of the body. Use getRequestBodyChunk instead."
    |
378 |         Just rbt -> sinkRequestBodyEx o s rbt (requestBody r)
    |                                                ^^^^^^^^^^^
[24 of 32] Compiling Network.Wai.Middleware.RequestLogger ( Network/Wai/Middleware/RequestLogger.hs, dist/dist-sandbox-4bf9fd06/build/Network/Wai/Middleware/RequestLogger.o )

Network/Wai/Middleware/RequestLogger.hs:273:16: warning: [-Wdeprecations]
    In the use of ‘requestBody’
    (imported from Network.Wai, but defined in Network.Wai.Internal):
    Deprecated: "requestBody's name is misleading because it only gets a partial chunk of the body. Use getRequestBodyChunk instead."
    |
273 |          bs <- requestBody req
    |                ^^^^^^^^^^^

Network/Wai/Middleware/RequestLogger.hs:293:20: warning: [-Wdeprecations]
    In the use of ‘requestBody’
    (imported from Network.Wai, but defined in Network.Wai.Internal):
    Deprecated: "requestBody's name is misleading because it only gets a partial chunk of the body. Use getRequestBodyChunk instead."
    |
293 |   let req' = req { requestBody = rbody }
    |                    ^^^^^^^^^^^
[25 of 32] Compiling Network.Wai.Middleware.RequestLogger.JSON ( Network/Wai/Middleware/RequestLogger/JSON.hs, dist/dist-sandbox-4bf9fd06/build/Network/Wai/Middleware/RequestLogger/JSON.o )
[26 of 32] Compiling Network.Wai.Request ( Network/Wai/Request.hs, dist/dist-sandbox-4bf9fd06/build/Network/Wai/Request.o )

Network/Wai/Request.hs:87:37: warning: [-Wdeprecations]
    In the use of ‘requestBody’
    (imported from Network.Wai, but defined in Network.Wai.Internal):
    Deprecated: "requestBody's name is misleading because it only gets a partial chunk of the body. Use getRequestBodyChunk instead."
   |
87 |                 then return $ req { requestBody = throwIO (RequestSizeException maxSize) }
   |                                     ^^^^^^^^^^^

Network/Wai/Request.hs:92:19: warning: [-Wdeprecations]
    In the use of ‘requestBody’
    (imported from Network.Wai, but defined in Network.Wai.Internal):
    Deprecated: "requestBody's name is misleading because it only gets a partial chunk of the body. Use getRequestBodyChunk instead."
   |
92 |                 { requestBody = do
   |                   ^^^^^^^^^^^

Network/Wai/Request.hs:93:27: warning: [-Wdeprecations]
    In the use of ‘requestBody’
    (imported from Network.Wai, but defined in Network.Wai.Internal):
    Deprecated: "requestBody's name is misleading because it only gets a partial chunk of the body. Use getRequestBodyChunk instead."
   |
93 |                     bs <- requestBody req
   |                           ^^^^^^^^^^^
[27 of 32] Compiling Network.Wai.Middleware.ForceSSL ( Network/Wai/Middleware/ForceSSL.hs, dist/dist-sandbox-4bf9fd06/build/Network/Wai/Middleware/ForceSSL.o )
[28 of 32] Compiling Network.Wai.Middleware.ForceDomain ( Network/Wai/Middleware/ForceDomain.hs, dist/dist-sandbox-4bf9fd06/build/Network/Wai/Middleware/ForceDomain.o )
[29 of 32] Compiling Network.Wai.Middleware.Approot ( Network/Wai/Middleware/Approot.hs, dist/dist-sandbox-4bf9fd06/build/Network/Wai/Middleware/Approot.o )
[30 of 32] Compiling Network.Wai.Test.Internal ( Network/Wai/Test/Internal.hs, dist/dist-sandbox-4bf9fd06/build/Network/Wai/Test/Internal.o )
[31 of 32] Compiling Network.Wai.Test ( Network/Wai/Test.hs, dist/dist-sandbox-4bf9fd06/build/Network/Wai/Test.o )

Network/Wai/Test.hs:188:11: warning: [-Wdeprecations]
    In the use of ‘requestBody’
    (imported from Network.Wai, but defined in Network.Wai.Internal):
    Deprecated: "requestBody's name is misleading because it only gets a partial chunk of the body. Use getRequestBodyChunk instead."
    |
188 |         { requestBody = atomicModifyIORef refChunks $ \bss ->
    |           ^^^^^^^^^^^
[32 of 32] Compiling Network.Wai.UrlMap ( Network/Wai/UrlMap.hs, dist/dist-sandbox-4bf9fd06/build/Network/Wai/UrlMap.o )
Installing library in /home/mitch/git/portfolioRebalancer/backend/.cabal-sandbox/lib/x86_64-linux-ghc-8.6.5/wai-extra-3.0.29.1-Iyj89zJAJ4q3yogCTbrR6g
cabal: Leaving directory '/tmp/cabal-tmp-4331/wai-extra-3.0.29.1'
